# JRE version: OpenJDK Runtime Environment (21.0.10) (build 21.0.10+-14961533-b1163.108)
# Java VM: OpenJDK 64-Bit Server VM (21.0.10+-14961533-b1163.108, mixed mode, tiered, compressed oops, compressed class ptrs, g1 gc, windows-amd64)
GC Precious Log:
 CardTable entry size: 512
 Card Set container configuration: InlinePtr #cards 5 size 8 Array Of Cards #cards 12 size 40 Howl #buckets 4 coarsen threshold 1843 Howl Bitmap #cards 512 size 80 coarsen threshold 460 Card regions per heap region 1 cards per card region 2048
 CPUs: 12 total, 12 available
 Memory: 15724M
 Large Page Support: Disabled
 NUMA Support: Disabled
 Compressed Oops: Enabled (32-bit)
 Heap Region Size: 1M
 Heap Min Capacity: 8M
 Heap Initial Capacity: 246M
 Heap Max Capacity: 2G
 Pre-touch: Disabled
 Parallel Workers: 10
 Concurrent Workers: 3
 Concurrent Refinement Workers: 10
 Periodic GC: Disabled
Heap:
 garbage-first heap   total 313344K, used 222686K [0x0000000080000000, 0x0000000100000000)
  region size 1024K, 43 young (44032K), 13 survivors (13312K)
 Metaspace       used 124169K, committed 126592K, reserved 1179648K
  class space    used 17635K, committed 18816K, reserved 1048576K
GC Heap History (20 events):
Event: 14.629 GC heap before
{Heap before GC invocations=43 (full 0):
 garbage-first heap   total 184320K, used 154486K [0x0000000080000000, 0x0000000100000000)
  region size 1024K, 52 young (53248K), 8 survivors (8192K)
 Metaspace       used 119298K, committed 121728K, reserved 1179648K
  class space    used 17081K, committed 18240K, reserved 1048576K
}
Event: 14.635 GC heap after
{Heap after GC invocations=44 (full 0):
 garbage-first heap   total 184320K, used 116452K [0x0000000080000000, 0x0000000100000000)
  region size 1024K, 6 young (6144K), 6 survivors (6144K)
 Metaspace       used 119298K, committed 121728K, reserved 1179648K
  class space    used 17081K, committed 18240K, reserved 1048576K
}
Event: 14.853 GC heap before
{Heap before GC invocations=44 (full 0):
 garbage-first heap   total 184320K, used 166628K [0x0000000080000000, 0x0000000100000000)
  region size 1024K, 56 young (57344K), 6 survivors (6144K)
 Metaspace       used 119318K, committed 121728K, reserved 1179648K
  class space    used 17081K, committed 18240K, reserved 1048576K
}
Event: 14.858 GC heap after
{Heap after GC invocations=45 (full 0):
 garbage-first heap   total 184320K, used 118643K [0x0000000080000000, 0x0000000100000000)
  region size 1024K, 3 young (3072K), 3 survivors (3072K)
 Metaspace       used 119318K, committed 121728K, reserved 1179648K
  class space    used 17081K, committed 18240K, reserved 1048576K
}
Event: 15.207 GC heap before
{Heap before GC invocations=45 (full 0):
 garbage-first heap   total 184320K, used 168819K [0x0000000080000000, 0x0000000100000000)
  region size 1024K, 53 young (54272K), 3 survivors (3072K)
 Metaspace       used 119792K, committed 122240K, reserved 1179648K
  class space    used 17173K, committed 18368K, reserved 1048576K
}
Event: 15.211 GC heap after
{Heap after GC invocations=46 (full 0):
 garbage-first heap   total 184320K, used 120755K [0x0000000080000000, 0x0000000100000000)
  region size 1024K, 6 young (6144K), 6 survivors (6144K)
 Metaspace       used 119792K, committed 122240K, reserved 1179648K
  class space    used 17173K, committed 18368K, reserved 1048576K
}
Event: 15.583 GC heap before
{Heap before GC invocations=47 (full 0):
 garbage-first heap   total 203776K, used 169907K [0x0000000080000000, 0x0000000100000000)
  region size 1024K, 55 young (56320K), 6 survivors (6144K)
 Metaspace       used 119940K, committed 122368K, reserved 1179648K
  class space    used 17196K, committed 18368K, reserved 1048576K
}
Event: 15.589 GC heap after
{Heap after GC invocations=48 (full 0):
 garbage-first heap   total 203776K, used 122523K [0x0000000080000000, 0x0000000100000000)
  region size 1024K, 5 young (5120K), 5 survivors (5120K)
 Metaspace       used 119940K, committed 122368K, reserved 1179648K
  class space    used 17196K, committed 18368K, reserved 1048576K
}
Event: 16.044 GC heap before
{Heap before GC invocations=48 (full 0):
 garbage-first heap   total 203776K, used 191131K [0x0000000080000000, 0x0000000100000000)
  region size 1024K, 68 young (69632K), 5 survivors (5120K)
 Metaspace       used 122416K, committed 124928K, reserved 1179648K
  class space    used 17384K, committed 18624K, reserved 1048576K
}
Event: 16.050 GC heap after
{Heap after GC invocations=49 (full 0):
 garbage-first heap   total 203776K, used 126664K [0x0000000080000000, 0x0000000100000000)
  region size 1024K, 9 young (9216K), 9 survivors (9216K)
 Metaspace       used 122416K, committed 124928K, reserved 1179648K
  class space    used 17384K, committed 18624K, reserved 1048576K
}
Event: 16.310 GC heap before
{Heap before GC invocations=49 (full 0):
 garbage-first heap   total 203776K, used 185032K [0x0000000080000000, 0x0000000100000000)
  region size 1024K, 68 young (69632K), 9 survivors (9216K)
 Metaspace       used 122689K, committed 125120K, reserved 1179648K
  class space    used 17429K, committed 18624K, reserved 1048576K
}
Event: 16.316 GC heap after
{Heap after GC invocations=50 (full 0):
 garbage-first heap   total 203776K, used 129755K [0x0000000080000000, 0x0000000100000000)
  region size 1024K, 3 young (3072K), 3 survivors (3072K)
 Metaspace       used 122689K, committed 125120K, reserved 1179648K
  class space    used 17429K, committed 18624K, reserved 1048576K
}
Event: 16.481 GC heap before
{Heap before GC invocations=51 (full 0):
 garbage-first heap   total 220160K, used 191195K [0x0000000080000000, 0x0000000100000000)
  region size 1024K, 62 young (63488K), 3 survivors (3072K)
 Metaspace       used 123136K, committed 125568K, reserved 1179648K
  class space    used 17489K, committed 18688K, reserved 1048576K
}
Event: 16.485 GC heap after
{Heap after GC invocations=52 (full 0):
 garbage-first heap   total 220160K, used 144791K [0x0000000080000000, 0x0000000100000000)
  region size 1024K, 8 young (8192K), 8 survivors (8192K)
 Metaspace       used 123136K, committed 125568K, reserved 1179648K
  class space    used 17489K, committed 18688K, reserved 1048576K
}
Event: 16.558 GC heap before
{Heap before GC invocations=52 (full 0):
 garbage-first heap   total 220160K, used 200087K [0x0000000080000000, 0x0000000100000000)
  region size 1024K, 63 young (64512K), 8 survivors (8192K)
 Metaspace       used 123137K, committed 125568K, reserved 1179648K
  class space    used 17489K, committed 18688K, reserved 1048576K
}
Event: 16.564 GC heap after
{Heap after GC invocations=53 (full 0):
 garbage-first heap   total 224256K, used 156713K [0x0000000080000000, 0x0000000100000000)
  region size 1024K, 8 young (8192K), 8 survivors (8192K)
 Metaspace       used 123137K, committed 125568K, reserved 1179648K
  class space    used 17489K, committed 18688K, reserved 1048576K
}
Event: 16.615 GC heap before
{Heap before GC invocations=53 (full 0):
 garbage-first heap   total 224256K, used 203817K [0x0000000080000000, 0x0000000100000000)
  region size 1024K, 55 young (56320K), 8 survivors (8192K)
 Metaspace       used 123145K, committed 125568K, reserved 1179648K
  class space    used 17490K, committed 18688K, reserved 1048576K
}
Event: 16.620 GC heap after
{Heap after GC invocations=54 (full 0):
 garbage-first heap   total 313344K, used 170601K [0x0000000080000000, 0x0000000100000000)
  region size 1024K, 7 young (7168K), 7 survivors (7168K)
 Metaspace       used 123145K, committed 125568K, reserved 1179648K
  class space    used 17490K, committed 18688K, reserved 1048576K
}
Event: 16.757 GC heap before
{Heap before GC invocations=55 (full 0):
 garbage-first heap   total 313344K, used 264809K [0x0000000080000000, 0x0000000100000000)
  region size 1024K, 100 young (102400K), 7 survivors (7168K)
 Metaspace       used 123830K, committed 126208K, reserved 1179648K
  class space    used 17583K, committed 18752K, reserved 1048576K
}
Event: 16.763 GC heap after
{Heap after GC invocations=56 (full 0):
 garbage-first heap   total 313344K, used 194014K [0x0000000080000000, 0x0000000100000000)
  region size 1024K, 13 young (13312K), 13 survivors (13312K)
 Metaspace       used 123830K, committed 126208K, reserved 1179648K
  class space    used 17583K, committed 18752K, reserved 1048576K
}

